TN:
SF:src/modules/accesses/services/AuthenticateAccessService.ts
FN:22,(anonymous_18)
FN:23,AuthenticateAccessService
FN:31,(anonymous_20)
FNF:3
FNH:3
FNDA:1,(anonymous_18)
FNDA:3,AuthenticateAccessService
FNDA:3,(anonymous_20)
DA:1,1
DA:2,1
DA:4,1
DA:5,1
DA:22,1
DA:25,3
DA:28,3
DA:31,3
DA:32,3
DA:34,3
DA:35,1
DA:38,2
DA:43,2
DA:44,1
DA:47,1
DA:49,1
DA:54,1
DA:56,1
DA:58,1
LF:19
LH:19
BRDA:32,0,0,3
BRDA:34,1,0,1
BRDA:34,1,1,2
BRDA:43,2,0,1
BRDA:43,2,1,1
BRF:5
BRH:5
end_of_record
TN:
SF:src/modules/accesses/services/CreateAccessService.ts
FN:18,(anonymous_18)
FN:19,CreateAccessService
FN:27,(anonymous_20)
FNF:3
FNH:3
FNDA:1,(anonymous_18)
FNDA:2,CreateAccessService
FNDA:3,(anonymous_20)
DA:1,1
DA:3,1
DA:18,1
DA:21,2
DA:24,2
DA:27,1
DA:28,3
DA:29,3
DA:30,3
DA:31,3
DA:33,3
DA:37,3
DA:38,1
DA:41,2
DA:43,2
DA:52,2
DA:54,1
DA:56,1
LF:18
LH:18
BRDA:33,0,0,3
BRDA:37,1,0,1
BRDA:37,1,1,2
BRF:3
BRH:3
end_of_record
TN:
SF:src/modules/accesses/services/ResetPasswordService.ts
FN:17,(anonymous_18)
FN:18,ResetPasswordService
FN:29,(anonymous_20)
FNF:3
FNH:3
FNDA:1,(anonymous_18)
FNDA:4,ResetPasswordService
FNDA:4,(anonymous_20)
DA:1,1
DA:2,1
DA:4,1
DA:17,1
DA:20,4
DA:23,4
DA:26,4
DA:29,4
DA:30,4
DA:32,4
DA:33,1
DA:36,3
DA:40,3
DA:41,1
DA:44,2
DA:45,2
DA:47,2
DA:48,1
DA:51,1
DA:53,2
DA:55,1
DA:57,1
LF:22
LH:22
BRDA:30,0,0,4
BRDA:32,1,0,1
BRDA:32,1,1,3
BRDA:40,2,0,1
BRDA:40,2,1,2
BRDA:47,3,0,1
BRDA:47,3,1,1
BRF:7
BRH:7
end_of_record
TN:
SF:src/modules/accesses/services/SendForgotPasswordEmailService.ts
FN:14,(anonymous_18)
FN:15,SendForgotPasswordEmailService
FN:26,(anonymous_20)
FNF:3
FNH:3
FNDA:1,(anonymous_18)
FNDA:3,SendForgotPasswordEmailService
FNDA:3,(anonymous_20)
DA:1,1
DA:2,1
DA:4,1
DA:14,1
DA:17,3
DA:20,3
DA:23,3
DA:26,3
DA:27,3
DA:29,3
DA:30,1
DA:33,2
DA:35,2
DA:42,4
DA:57,1
DA:59,1
LF:16
LH:16
BRDA:27,0,0,3
BRDA:29,1,0,1
BRDA:29,1,1,2
BRF:3
BRH:3
end_of_record
