TN:
SF:src/modules/accesses/services/AuthenticateAccessService.ts
FN:22,(anonymous_18)
FN:23,AuthenticateAccessService
FN:31,(anonymous_20)
FNF:3
FNH:0
FNDA:0,(anonymous_18)
FNDA:0,AuthenticateAccessService
FNDA:0,(anonymous_20)
DA:1,0
DA:2,0
DA:4,0
DA:5,0
DA:22,0
DA:25,0
DA:28,0
DA:31,0
DA:32,0
DA:34,0
DA:35,0
DA:38,0
DA:43,0
DA:44,0
DA:47,0
DA:49,0
DA:54,0
DA:56,0
DA:58,0
LF:19
LH:0
BRDA:32,0,0,0
BRDA:34,1,0,0
BRDA:34,1,1,0
BRDA:43,2,0,0
BRDA:43,2,1,0
BRF:5
BRH:0
end_of_record
TN:
SF:src/modules/accesses/services/CreateAccessService.ts
FN:18,(anonymous_18)
FN:19,CreateAccessService
FN:27,(anonymous_20)
FNF:3
FNH:0
FNDA:0,(anonymous_18)
FNDA:0,CreateAccessService
FNDA:0,(anonymous_20)
DA:1,0
DA:3,0
DA:18,0
DA:21,0
DA:24,0
DA:27,0
DA:28,0
DA:29,0
DA:30,0
DA:31,0
DA:33,0
DA:37,0
DA:38,0
DA:41,0
DA:43,0
DA:52,0
DA:54,0
DA:56,0
LF:18
LH:0
BRDA:33,0,0,0
BRDA:37,1,0,0
BRDA:37,1,1,0
BRF:3
BRH:0
end_of_record
TN:
SF:src/modules/accesses/services/ResetPasswordService.ts
FN:17,(anonymous_18)
FN:18,ResetPasswordService
FN:29,(anonymous_20)
FNF:3
FNH:3
FNDA:1,(anonymous_18)
FNDA:4,ResetPasswordService
FNDA:4,(anonymous_20)
DA:1,1
DA:2,1
DA:4,1
DA:17,1
DA:20,4
DA:23,4
DA:26,4
DA:29,4
DA:30,4
DA:32,4
DA:33,1
DA:36,3
DA:40,3
DA:41,1
DA:44,2
DA:45,2
DA:47,2
DA:48,1
DA:51,1
DA:53,2
DA:55,1
DA:57,1
LF:22
LH:22
BRDA:30,0,0,4
BRDA:32,1,0,1
BRDA:32,1,1,3
BRDA:40,2,0,1
BRDA:40,2,1,2
BRDA:47,3,0,1
BRDA:47,3,1,1
BRF:7
BRH:7
end_of_record
TN:
SF:src/modules/accesses/services/SendForgotPasswordEmailService.ts
FN:14,(anonymous_18)
FN:15,SendForgotPasswordEmailService
FN:26,(anonymous_20)
FNF:3
FNH:0
FNDA:0,(anonymous_18)
FNDA:0,SendForgotPasswordEmailService
FNDA:0,(anonymous_20)
DA:1,0
DA:4,0
DA:14,0
DA:17,0
DA:23,0
DA:26,0
DA:27,0
DA:29,0
DA:30,0
DA:57,0
DA:59,0
LF:11
LH:0
BRDA:27,0,0,0
BRDA:29,1,0,0
BRDA:29,1,1,0
BRF:3
BRH:0
end_of_record
